# JRE version: Java(TM) SE Runtime Environment (8.0_201-b09) (build 1.8.0_201-b09)
# Java VM: Java HotSpot(TM) 64-Bit Server VM (25.201-b09 mixed mode linux-amd64 compressed oops)
Heap:
 PSYoungGen      total 130560K, used 4978K [0x00000000ecb80000, 0x00000000f5280000, 0x0000000100000000)
  eden space 122880K, 0% used [0x00000000ecb80000,0x00000000ecb80000,0x00000000f4380000)
  from space 7680K, 64% used [0x00000000f4380000,0x00000000f485c840,0x00000000f4b00000)
  to   space 7680K, 0% used [0x00000000f4b00000,0x00000000f4b00000,0x00000000f5280000)
 ParOldGen       total 39936K, used 14433K [0x00000000c6200000, 0x00000000c8900000, 0x00000000ecb80000)
  object space 39936K, 36% used [0x00000000c6200000,0x00000000c70184e0,0x00000000c8900000)
 Metaspace       used 20436K, capacity 21020K, committed 21296K, reserved 1069056K
  class space    used 2392K, capacity 2575K, committed 2688K, reserved 1048576K
GC Heap History (10 events):
Event: 2,374 GC heap after
Heap after GC invocations=4 (full 0):
 PSYoungGen      total 32768K, used 2032K [0x00000000ecb80000, 0x00000000eed80000, 0x0000000100000000)
  eden space 30720K, 0% used [0x00000000ecb80000,0x00000000ecb80000,0x00000000ee980000)
  from space 2048K, 99% used [0x00000000eeb80000,0x00000000eed7c010,0x00000000eed80000)
  to   space 2048K, 0% used [0x00000000ee980000,0x00000000ee980000,0x00000000eeb80000)
 ParOldGen       total 39936K, used 5768K [0x00000000c6200000, 0x00000000c8900000, 0x00000000ecb80000)
  object space 39936K, 14% used [0x00000000c6200000,0x00000000c67a2088,0x00000000c8900000)
 Metaspace       used 11048K, capacity 11270K, committed 11520K, reserved 1058816K
  class space    used 1382K, capacity 1479K, committed 1536K, reserved 1048576K
}
Event: 3,300 GC heap before
{Heap before GC invocations=5 (full 0):
 PSYoungGen      total 32768K, used 32752K [0x00000000ecb80000, 0x00000000eed80000, 0x0000000100000000)
  eden space 30720K, 100% used [0x00000000ecb80000,0x00000000ee980000,0x00000000ee980000)
  from space 2048K, 99% used [0x00000000eeb80000,0x00000000eed7c010,0x00000000eed80000)
  to   space 2048K, 0% used [0x00000000ee980000,0x00000000ee980000,0x00000000eeb80000)
 ParOldGen       total 39936K, used 5768K [0x00000000c6200000, 0x00000000c8900000, 0x00000000ecb80000)
  object space 39936K, 14% used [0x00000000c6200000,0x00000000c67a2088,0x00000000c8900000)
 Metaspace       used 14889K, capacity 15122K, committed 15360K, reserved 1062912K
  class space    used 1831K, capacity 1939K, committed 2048K, reserved 1048576K
Event: 3,311 GC heap after
Heap after GC invocations=5 (full 0):
 PSYoungGen      total 32768K, used 2016K [0x00000000ecb80000, 0x00000000f1480000, 0x0000000100000000)
  eden space 30720K, 0% used [0x00000000ecb80000,0x00000000ecb80000,0x00000000ee980000)
  from space 2048K, 98% used [0x00000000ee980000,0x00000000eeb78020,0x00000000eeb80000)
  to   space 6656K, 0% used [0x00000000f0e00000,0x00000000f0e00000,0x00000000f1480000)
 ParOldGen       total 39936K, used 10647K [0x00000000c6200000, 0x00000000c8900000, 0x00000000ecb80000)
  object space 39936K, 26% used [0x00000000c6200000,0x00000000c6c65c40,0x00000000c8900000)
 Metaspace       used 14889K, capacity 15122K, committed 15360K, reserved 1062912K
  class space    used 1831K, capacity 1939K, committed 2048K, reserved 1048576K
}
Event: 4,044 GC heap before
{Heap before GC invocations=6 (full 0):
 PSYoungGen      total 32768K, used 32736K [0x00000000ecb80000, 0x00000000f1480000, 0x0000000100000000)
  eden space 30720K, 100% used [0x00000000ecb80000,0x00000000ee980000,0x00000000ee980000)
  from space 2048K, 98% used [0x00000000ee980000,0x00000000eeb78020,0x00000000eeb80000)
  to   space 6656K, 0% used [0x00000000f0e00000,0x00000000f0e00000,0x00000000f1480000)
 ParOldGen       total 39936K, used 10647K [0x00000000c6200000, 0x00000000c8900000, 0x00000000ecb80000)
  object space 39936K, 26% used [0x00000000c6200000,0x00000000c6c65c40,0x00000000c8900000)
 Metaspace       used 15887K, capacity 16162K, committed 16384K, reserved 1062912K
  class space    used 1939K, capacity 2047K, committed 2048K, reserved 1048576K
Event: 4,057 GC heap after
Heap after GC invocations=6 (full 0):
 PSYoungGen      total 68096K, used 4764K [0x00000000ecb80000, 0x00000000f1480000, 0x0000000100000000)
  eden space 61440K, 0% used [0x00000000ecb80000,0x00000000ecb80000,0x00000000f0780000)
  from space 6656K, 71% used [0x00000000f0e00000,0x00000000f12a72f0,0x00000000f1480000)
  to   space 6656K, 0% used [0x00000000f0780000,0x00000000f0780000,0x00000000f0e00000)
 ParOldGen       total 39936K, used 10655K [0x00000000c6200000, 0x00000000c8900000, 0x00000000ecb80000)
  object space 39936K, 26% used [0x00000000c6200000,0x00000000c6c67c40,0x00000000c8900000)
 Metaspace       used 15887K, capacity 16162K, committed 16384K, reserved 1062912K
  class space    used 1939K, capacity 2047K, committed 2048K, reserved 1048576K
}
Event: 5,448 GC heap before
{Heap before GC invocations=7 (full 0):
 PSYoungGen      total 68096K, used 66204K [0x00000000ecb80000, 0x00000000f1480000, 0x0000000100000000)
  eden space 61440K, 100% used [0x00000000ecb80000,0x00000000f0780000,0x00000000f0780000)
  from space 6656K, 71% used [0x00000000f0e00000,0x00000000f12a72f0,0x00000000f1480000)
  to   space 6656K, 0% used [0x00000000f0780000,0x00000000f0780000,0x00000000f0e00000)
 ParOldGen       total 39936K, used 10655K [0x00000000c6200000, 0x00000000c8900000, 0x00000000ecb80000)
  object space 39936K, 26% used [0x00000000c6200000,0x00000000c6c67c40,0x00000000c8900000)
 Metaspace       used 17210K, capacity 17642K, committed 17792K, reserved 1064960K
  class space    used 2023K, capacity 2154K, committed 2176K, reserved 1048576K
Event: 5,478 GC heap after
Heap after GC invocations=7 (full 0):
 PSYoungGen      total 68096K, used 6190K [0x00000000ecb80000, 0x00000000f5280000, 0x0000000100000000)
  eden space 61440K, 0% used [0x00000000ecb80000,0x00000000ecb80000,0x00000000f0780000)
  from space 6656K, 93% used [0x00000000f0780000,0x00000000f0d8ba00,0x00000000f0e00000)
  to   space 7680K, 0% used [0x00000000f4b00000,0x00000000f4b00000,0x00000000f5280000)
 ParOldGen       total 39936K, used 11287K [0x00000000c6200000, 0x00000000c8900000, 0x00000000ecb80000)
  object space 39936K, 28% used [0x00000000c6200000,0x00000000c6d05c90,0x00000000c8900000)
 Metaspace       used 17210K, capacity 17642K, committed 17792K, reserved 1064960K
  class space    used 2023K, capacity 2154K, committed 2176K, reserved 1048576K
}
Event: 6,291 GC heap before
{Heap before GC invocations=8 (full 0):
 PSYoungGen      total 68096K, used 67630K [0x00000000ecb80000, 0x00000000f5280000, 0x0000000100000000)
  eden space 61440K, 100% used [0x00000000ecb80000,0x00000000f0780000,0x00000000f0780000)
  from space 6656K, 93% used [0x00000000f0780000,0x00000000f0d8ba00,0x00000000f0e00000)
  to   space 7680K, 0% used [0x00000000f4b00000,0x00000000f4b00000,0x00000000f5280000)
 ParOldGen       total 39936K, used 11287K [0x00000000c6200000, 0x00000000c8900000, 0x00000000ecb80000)
  object space 39936K, 28% used [0x00000000c6200000,0x00000000c6d05c90,0x00000000c8900000)
 Metaspace       used 17503K, capacity 17898K, committed 18048K, reserved 1064960K
  class space    used 2023K, capacity 2154K, committed 2176K, reserved 1048576K
Event: 6,309 GC heap after
Heap after GC invocations=8 (full 0):
 PSYoungGen      total 130560K, used 5920K [0x00000000ecb80000, 0x00000000f5280000, 0x0000000100000000)
  eden space 122880K, 0% used [0x00000000ecb80000,0x00000000ecb80000,0x00000000f4380000)
  from space 7680K, 77% used [0x00000000f4b00000,0x00000000f50c8020,0x00000000f5280000)
  to   space 7680K, 0% used [0x00000000f4380000,0x00000000f4380000,0x00000000f4b00000)
 ParOldGen       total 39936K, used 11575K [0x00000000c6200000, 0x00000000c8900000, 0x00000000ecb80000)
  object space 39936K, 28% used [0x00000000c6200000,0x00000000c6d4dc90,0x00000000c8900000)
 Metaspace       used 17503K, capacity 17898K, committed 18048K, reserved 1064960K
  class space    used 2023K, capacity 2154K, committed 2176K, reserved 1048576K
}
Event: 331,288 GC heap before
{Heap before GC invocations=9 (full 0):
 PSYoungGen      total 130560K, used 109493K [0x00000000ecb80000, 0x00000000f5280000, 0x0000000100000000)
  eden space 122880K, 84% used [0x00000000ecb80000,0x00000000f30a5708,0x00000000f4380000)
  from space 7680K, 77% used [0x00000000f4b00000,0x00000000f50c8020,0x00000000f5280000)
  to   space 7680K, 0% used [0x00000000f4380000,0x00000000f4380000,0x00000000f4b00000)
 ParOldGen       total 39936K, used 11575K [0x00000000c6200000, 0x00000000c8900000, 0x00000000ecb80000)
  object space 39936K, 28% used [0x00000000c6200000,0x00000000c6d4dc90,0x00000000c8900000)
 Metaspace       used 20436K, capacity 21020K, committed 21296K, reserved 1069056K
  class space    used 2392K, capacity 2575K, committed 2688K, reserved 1048576K

